[INFO] Scanning for projects...
[INFO] 
[INFO] ------------------< project.tracker:Tracking-system >-------------------
[INFO] Building Tracking-system 0.0.1-SNAPSHOT
[INFO] --------------------------------[ jar ]---------------------------------
[INFO] 
[INFO] --- maven-clean-plugin:3.3.2:clean (default-clean) @ Tracking-system ---
[INFO] Deleting C:\Users\punit\Downloads\Project_tracker-main\Project_tracker-main\TrackingSystem\Tracking-system\target
[INFO] 
[INFO] --- maven-resources-plugin:3.3.1:resources (default-resources) @ Tracking-system ---
[INFO] Copying 1 resource from src\main\resources to target\classes
[INFO] Copying 0 resource from src\main\resources to target\classes
[INFO] 
[INFO] --- maven-compiler-plugin:3.13.0:compile (default-compile) @ Tracking-system ---
[INFO] Recompiling the module because of changed source code.
[INFO] Compiling 27 source files with javac [debug parameters release 17] to target\classes
[INFO] -------------------------------------------------------------
[ERROR] COMPILATION ERROR : 
[INFO] -------------------------------------------------------------
[ERROR] /C:/Users/punit/Downloads/Project_tracker-main/Project_tracker-main/TrackingSystem/Tracking-system/src/main/java/project/tracker/Tracking/system/Service/TaskService.java:[66,1] illegal start of expression
[ERROR] /C:/Users/punit/Downloads/Project_tracker-main/Project_tracker-main/TrackingSystem/Tracking-system/src/main/java/project/tracker/Tracking/system/Service/TaskService.java:[66,40] not a statement
[ERROR] /C:/Users/punit/Downloads/Project_tracker-main/Project_tracker-main/TrackingSystem/Tracking-system/src/main/java/project/tracker/Tracking/system/Service/TaskService.java:[68,1] illegal start of expression
[ERROR] /C:/Users/punit/Downloads/Project_tracker-main/Project_tracker-main/TrackingSystem/Tracking-system/src/main/java/project/tracker/Tracking/system/Service/TaskService.java:[68,52] not a statement
[ERROR] /C:/Users/punit/Downloads/Project_tracker-main/Project_tracker-main/TrackingSystem/Tracking-system/src/main/java/project/tracker/Tracking/system/Service/TaskService.java:[69,1] illegal start of expression
[ERROR] /C:/Users/punit/Downloads/Project_tracker-main/Project_tracker-main/TrackingSystem/Tracking-system/src/main/java/project/tracker/Tracking/system/Service/TaskService.java:[69,38] not a statement
[ERROR] /C:/Users/punit/Downloads/Project_tracker-main/Project_tracker-main/TrackingSystem/Tracking-system/src/main/java/project/tracker/Tracking/system/Service/TaskService.java:[70,1] illegal start of expression
[ERROR] /C:/Users/punit/Downloads/Project_tracker-main/Project_tracker-main/TrackingSystem/Tracking-system/src/main/java/project/tracker/Tracking/system/Service/TaskService.java:[70,46] not a statement
[ERROR] /C:/Users/punit/Downloads/Project_tracker-main/Project_tracker-main/TrackingSystem/Tracking-system/src/main/java/project/tracker/Tracking/system/Service/TaskService.java:[71,1] illegal start of expression
[ERROR] /C:/Users/punit/Downloads/Project_tracker-main/Project_tracker-main/TrackingSystem/Tracking-system/src/main/java/project/tracker/Tracking/system/Service/TaskService.java:[71,46] not a statement
[ERROR] /C:/Users/punit/Downloads/Project_tracker-main/Project_tracker-main/TrackingSystem/Tracking-system/src/main/java/project/tracker/Tracking/system/Service/TaskService.java:[72,1] illegal start of expression
[ERROR] /C:/Users/punit/Downloads/Project_tracker-main/Project_tracker-main/TrackingSystem/Tracking-system/src/main/java/project/tracker/Tracking/system/Service/TaskService.java:[72,46] not a statement
[ERROR] /C:/Users/punit/Downloads/Project_tracker-main/Project_tracker-main/TrackingSystem/Tracking-system/src/main/java/project/tracker/Tracking/system/Service/TaskService.java:[73,1] illegal start of expression
[ERROR] /C:/Users/punit/Downloads/Project_tracker-main/Project_tracker-main/TrackingSystem/Tracking-system/src/main/java/project/tracker/Tracking/system/Service/TaskService.java:[73,46] not a statement
[ERROR] /C:/Users/punit/Downloads/Project_tracker-main/Project_tracker-main/TrackingSystem/Tracking-system/src/main/java/project/tracker/Tracking/system/Service/TaskService.java:[74,1] illegal start of expression
[ERROR] /C:/Users/punit/Downloads/Project_tracker-main/Project_tracker-main/TrackingSystem/Tracking-system/src/main/java/project/tracker/Tracking/system/Service/TaskService.java:[74,50] not a statement
[ERROR] /C:/Users/punit/Downloads/Project_tracker-main/Project_tracker-main/TrackingSystem/Tracking-system/src/main/java/project/tracker/Tracking/system/Service/TaskService.java:[75,1] illegal start of expression
[ERROR] /C:/Users/punit/Downloads/Project_tracker-main/Project_tracker-main/TrackingSystem/Tracking-system/src/main/java/project/tracker/Tracking/system/Service/TaskService.java:[75,50] not a statement
[ERROR] /C:/Users/punit/Downloads/Project_tracker-main/Project_tracker-main/TrackingSystem/Tracking-system/src/main/java/project/tracker/Tracking/system/Service/TaskService.java:[76,1] illegal start of expression
[ERROR] /C:/Users/punit/Downloads/Project_tracker-main/Project_tracker-main/TrackingSystem/Tracking-system/src/main/java/project/tracker/Tracking/system/Service/TaskService.java:[76,50] not a statement
[ERROR] /C:/Users/punit/Downloads/Project_tracker-main/Project_tracker-main/TrackingSystem/Tracking-system/src/main/java/project/tracker/Tracking/system/Service/TaskService.java:[77,1] illegal start of expression
[ERROR] /C:/Users/punit/Downloads/Project_tracker-main/Project_tracker-main/TrackingSystem/Tracking-system/src/main/java/project/tracker/Tracking/system/Service/TaskService.java:[77,50] not a statement
[ERROR] /C:/Users/punit/Downloads/Project_tracker-main/Project_tracker-main/TrackingSystem/Tracking-system/src/main/java/project/tracker/Tracking/system/Service/TaskService.java:[78,1] illegal start of expression
[ERROR] /C:/Users/punit/Downloads/Project_tracker-main/Project_tracker-main/TrackingSystem/Tracking-system/src/main/java/project/tracker/Tracking/system/Service/TaskService.java:[78,49] not a statement
[ERROR] /C:/Users/punit/Downloads/Project_tracker-main/Project_tracker-main/TrackingSystem/Tracking-system/src/main/java/project/tracker/Tracking/system/Service/TaskService.java:[79,1] illegal start of expression
[ERROR] /C:/Users/punit/Downloads/Project_tracker-main/Project_tracker-main/TrackingSystem/Tracking-system/src/main/java/project/tracker/Tracking/system/Service/TaskService.java:[79,41] not a statement
[ERROR] /C:/Users/punit/Downloads/Project_tracker-main/Project_tracker-main/TrackingSystem/Tracking-system/src/main/java/project/tracker/Tracking/system/Service/TaskService.java:[81,1] illegal start of expression
[ERROR] /C:/Users/punit/Downloads/Project_tracker-main/Project_tracker-main/TrackingSystem/Tracking-system/src/main/java/project/tracker/Tracking/system/Service/TaskService.java:[81,17] not a statement
[ERROR] /C:/Users/punit/Downloads/Project_tracker-main/Project_tracker-main/TrackingSystem/Tracking-system/src/main/java/project/tracker/Tracking/system/Service/TaskService.java:[82,1] illegal start of expression
[ERROR] /C:/Users/punit/Downloads/Project_tracker-main/Project_tracker-main/TrackingSystem/Tracking-system/src/main/java/project/tracker/Tracking/system/Service/TaskService.java:[82,26] not a statement
[ERROR] /C:/Users/punit/Downloads/Project_tracker-main/Project_tracker-main/TrackingSystem/Tracking-system/src/main/java/project/tracker/Tracking/system/Service/TaskService.java:[221,2] reached end of file while parsing
[INFO] 31 errors 
[INFO] -------------------------------------------------------------
[INFO] ------------------------------------------------------------------------
[INFO] BUILD FAILURE
[INFO] ------------------------------------------------------------------------
[INFO] Total time:  2.822 s
[INFO] Finished at: 2025-12-01T21:09:26+05:30
[INFO] ------------------------------------------------------------------------
[ERROR] Failed to execute goal org.apache.maven.plugins:maven-compiler-plugin:3.13.0:compile (default-compile) on project Tracking-system: Compilation failure: Compilation failure: 
[ERROR] /C:/Users/punit/Downloads/Project_tracker-main/Project_tracker-main/TrackingSystem/Tracking-system/src/main/java/project/tracker/Tracking/system/Service/TaskService.java:[66,1] illegal start of expression
[ERROR] /C:/Users/punit/Downloads/Project_tracker-main/Project_tracker-main/TrackingSystem/Tracking-system/src/main/java/project/tracker/Tracking/system/Service/TaskService.java:[66,40] not a statement
[ERROR] /C:/Users/punit/Downloads/Project_tracker-main/Project_tracker-main/TrackingSystem/Tracking-system/src/main/java/project/tracker/Tracking/system/Service/TaskService.java:[68,1] illegal start of expression
[ERROR] /C:/Users/punit/Downloads/Project_tracker-main/Project_tracker-main/TrackingSystem/Tracking-system/src/main/java/project/tracker/Tracking/system/Service/TaskService.java:[68,52] not a statement
[ERROR] /C:/Users/punit/Downloads/Project_tracker-main/Project_tracker-main/TrackingSystem/Tracking-system/src/main/java/project/tracker/Tracking/system/Service/TaskService.java:[69,1] illegal start of expression
[ERROR] /C:/Users/punit/Downloads/Project_tracker-main/Project_tracker-main/TrackingSystem/Tracking-system/src/main/java/project/tracker/Tracking/system/Service/TaskService.java:[69,38] not a statement
[ERROR] /C:/Users/punit/Downloads/Project_tracker-main/Project_tracker-main/TrackingSystem/Tracking-system/src/main/java/project/tracker/Tracking/system/Service/TaskService.java:[70,1] illegal start of expression
[ERROR] /C:/Users/punit/Downloads/Project_tracker-main/Project_tracker-main/TrackingSystem/Tracking-system/src/main/java/project/tracker/Tracking/system/Service/TaskService.java:[70,46] not a statement
[ERROR] /C:/Users/punit/Downloads/Project_tracker-main/Project_tracker-main/TrackingSystem/Tracking-system/src/main/java/project/tracker/Tracking/system/Service/TaskService.java:[71,1] illegal start of expression
[ERROR] /C:/Users/punit/Downloads/Project_tracker-main/Project_tracker-main/TrackingSystem/Tracking-system/src/main/java/project/tracker/Tracking/system/Service/TaskService.java:[71,46] not a statement
[ERROR] /C:/Users/punit/Downloads/Project_tracker-main/Project_tracker-main/TrackingSystem/Tracking-system/src/main/java/project/tracker/Tracking/system/Service/TaskService.java:[72,1] illegal start of expression
[ERROR] /C:/Users/punit/Downloads/Project_tracker-main/Project_tracker-main/TrackingSystem/Tracking-system/src/main/java/project/tracker/Tracking/system/Service/TaskService.java:[72,46] not a statement
[ERROR] /C:/Users/punit/Downloads/Project_tracker-main/Project_tracker-main/TrackingSystem/Tracking-system/src/main/java/project/tracker/Tracking/system/Service/TaskService.java:[73,1] illegal start of expression
[ERROR] /C:/Users/punit/Downloads/Project_tracker-main/Project_tracker-main/TrackingSystem/Tracking-system/src/main/java/project/tracker/Tracking/system/Service/TaskService.java:[73,46] not a statement
[ERROR] /C:/Users/punit/Downloads/Project_tracker-main/Project_tracker-main/TrackingSystem/Tracking-system/src/main/java/project/tracker/Tracking/system/Service/TaskService.java:[74,1] illegal start of expression
[ERROR] /C:/Users/punit/Downloads/Project_tracker-main/Project_tracker-main/TrackingSystem/Tracking-system/src/main/java/project/tracker/Tracking/system/Service/TaskService.java:[74,50] not a statement
[ERROR] /C:/Users/punit/Downloads/Project_tracker-main/Project_tracker-main/TrackingSystem/Tracking-system/src/main/java/project/tracker/Tracking/system/Service/TaskService.java:[75,1] illegal start of expression
[ERROR] /C:/Users/punit/Downloads/Project_tracker-main/Project_tracker-main/TrackingSystem/Tracking-system/src/main/java/project/tracker/Tracking/system/Service/TaskService.java:[75,50] not a statement
[ERROR] /C:/Users/punit/Downloads/Project_tracker-main/Project_tracker-main/TrackingSystem/Tracking-system/src/main/java/project/tracker/Tracking/system/Service/TaskService.java:[76,1] illegal start of expression
[ERROR] /C:/Users/punit/Downloads/Project_tracker-main/Project_tracker-main/TrackingSystem/Tracking-system/src/main/java/project/tracker/Tracking/system/Service/TaskService.java:[76,50] not a statement
[ERROR] /C:/Users/punit/Downloads/Project_tracker-main/Project_tracker-main/TrackingSystem/Tracking-system/src/main/java/project/tracker/Tracking/system/Service/TaskService.java:[77,1] illegal start of expression
[ERROR] /C:/Users/punit/Downloads/Project_tracker-main/Project_tracker-main/TrackingSystem/Tracking-system/src/main/java/project/tracker/Tracking/system/Service/TaskService.java:[77,50] not a statement
[ERROR] /C:/Users/punit/Downloads/Project_tracker-main/Project_tracker-main/TrackingSystem/Tracking-system/src/main/java/project/tracker/Tracking/system/Service/TaskService.java:[78,1] illegal start of expression
[ERROR] /C:/Users/punit/Downloads/Project_tracker-main/Project_tracker-main/TrackingSystem/Tracking-system/src/main/java/project/tracker/Tracking/system/Service/TaskService.java:[78,49] not a statement
[ERROR] /C:/Users/punit/Downloads/Project_tracker-main/Project_tracker-main/TrackingSystem/Tracking-system/src/main/java/project/tracker/Tracking/system/Service/TaskService.java:[79,1] illegal start of expression
[ERROR] /C:/Users/punit/Downloads/Project_tracker-main/Project_tracker-main/TrackingSystem/Tracking-system/src/main/java/project/tracker/Tracking/system/Service/TaskService.java:[79,41] not a statement
[ERROR] /C:/Users/punit/Downloads/Project_tracker-main/Project_tracker-main/TrackingSystem/Tracking-system/src/main/java/project/tracker/Tracking/system/Service/TaskService.java:[81,1] illegal start of expression
[ERROR] /C:/Users/punit/Downloads/Project_tracker-main/Project_tracker-main/TrackingSystem/Tracking-system/src/main/java/project/tracker/Tracking/system/Service/TaskService.java:[81,17] not a statement
[ERROR] /C:/Users/punit/Downloads/Project_tracker-main/Project_tracker-main/TrackingSystem/Tracking-system/src/main/java/project/tracker/Tracking/system/Service/TaskService.java:[82,1] illegal start of expression
[ERROR] /C:/Users/punit/Downloads/Project_tracker-main/Project_tracker-main/TrackingSystem/Tracking-system/src/main/java/project/tracker/Tracking/system/Service/TaskService.java:[82,26] not a statement
[ERROR] /C:/Users/punit/Downloads/Project_tracker-main/Project_tracker-main/TrackingSystem/Tracking-system/src/main/java/project/tracker/Tracking/system/Service/TaskService.java:[221,2] reached end of file while parsing
[ERROR] -> [Help 1]
[ERROR] 
[ERROR] To see the full stack trace of the errors, re-run Maven with the -e switch.
[ERROR] Re-run Maven using the -X switch to enable full debug logging.
[ERROR] 
[ERROR] For more information about the errors and possible solutions, please read the following articles:
[ERROR] [Help 1] http://cwiki.apache.org/confluence/display/MAVEN/MojoFailureException
